<?xml version="1.0" encoding="UTF-8"?>
<testsuites tests="2" failures="1" disabled="0" errors="0" timestamp="2018-10-21T14:47:46" time="0.001" name="AllTests">
  <testsuite name="DateMultiplyTest" tests="1" failures="0" disabled="0" errors="0" time="0">
    <testcase name="bdate" status="run" time="0" classname="DateMultiplyTest" />
  </testsuite>
  <testsuite name="DateMultiplyTest2" tests="1" failures="1" disabled="0" errors="0" time="0">
    <testcase name="bdate" status="run" time="0" classname="DateMultiplyTest2">
      <failure message="DateUnitTest.cpp:12&#x0A;      Expected: 15952&#x0A;To be equal to: DateMultiply(22,8,1992)&#x0A;      Which is: 350592" type=""><![CDATA[DateUnitTest.cpp:12
      Expected: 15952
To be equal to: DateMultiply(22,8,1992)
      Which is: 350592]]></failure>
    </testcase>
  </testsuite>
</testsuites>
